### Running ./prime-or-composite.py 2 ###
Traceback (most recent call last):
  File "./prime-or-composite.py", line 8, in <module>
    assert N > 2
AssertionError
